#
# There is insufficient memory for the Java Runtime Environment to continue.
# Native memory allocation (malloc) failed to allocate 32744 bytes for ChunkPool::allocate
# Possible reasons:
#   The system is out of physical RAM or swap space
#   In 32 bit mode, the process size limit was hit
# Possible solutions:
#   Reduce memory load on the system
#   Increase physical memory or swap space
#   Check if swap backing store is full
#   Use 64 bit Java on a 64 bit OS
#   Decrease Java heap size (-Xmx/-Xms)
#   Decrease number of Java threads
#   Decrease Java thread stack sizes (-Xss)
#   Set larger code cache with -XX:ReservedCodeCacheSize=
# This output file may be truncated or incomplete.
#
#  Out of Memory Error (allocation.cpp:273), pid=10940, tid=12536
#
# JRE version: Java(TM) SE Runtime Environment (8.0_45-b15) (build 1.8.0_45-b15)
# Java VM: Java HotSpot(TM) 64-Bit Server VM (25.45-b02 mixed mode windows-amd64 compressed oops)
# Failed to write core dump. Minidumps are not enabled by default on client versions of Windows
#

---------------  T H R E A D  ---------------

Current thread (0x00000000174e8800):  JavaThread "C2 CompilerThread0" daemon [_thread_in_native, id=12536, stack(0x0000000018a40000,0x0000000018b40000)]

Stack: [0x0000000018a40000,0x0000000018b40000]
Native frames: (J=compiled Java code, j=interpreted, Vv=VM code, C=native code)
V  [jvm.dll+0x32b57a]


Current CompileTask:
C2:  47476  620       4       java.util.HashMap::putVal (300 bytes)


---------------  P R O C E S S  ---------------

Java Threads: ( => current thread )
  0x0000000018fc3000 JavaThread "AWT-Windows" daemon [_thread_in_native, id=9064, stack(0x000000001a710000,0x000000001a810000)]
  0x0000000018f04800 JavaThread "AWT-Shutdown" [_thread_blocked, id=8564, stack(0x000000001a610000,0x000000001a710000)]
  0x0000000018f03800 JavaThread "Java2D Disposer" daemon [_thread_blocked, id=19072, stack(0x000000001a510000,0x000000001a610000)]
  0x0000000018e4f000 JavaThread "Abandoned connection cleanup thread" daemon [_thread_blocked, id=12804, stack(0x0000000019340000,0x0000000019440000)]
  0x0000000018d46000 JavaThread "Service Thread" daemon [_thread_blocked, id=12716, stack(0x0000000019140000,0x0000000019240000)]
  0x000000001753c800 JavaThread "C1 CompilerThread2" daemon [_thread_in_native, id=12652, stack(0x0000000018c40000,0x0000000018d40000)]
  0x0000000017536000 JavaThread "C2 CompilerThread1" daemon [_thread_blocked, id=12560, stack(0x0000000018b40000,0x0000000018c40000)]
=>0x00000000174e8800 JavaThread "C2 CompilerThread0" daemon [_thread_in_native, id=12536, stack(0x0000000018a40000,0x0000000018b40000)]
  0x00000000174e7000 JavaThread "Attach Listener" daemon [_thread_blocked, id=12532, stack(0x0000000018940000,0x0000000018a40000)]
  0x00000000174e5800 JavaThread "Signal Dispatcher" daemon [_thread_blocked, id=12528, stack(0x0000000018840000,0x0000000018940000)]
  0x00000000029a6000 JavaThread "Finalizer" daemon [_thread_blocked, id=12448, stack(0x0000000018740000,0x0000000018840000)]
  0x00000000174a9000 JavaThread "Reference Handler" daemon [_thread_blocked, id=12444, stack(0x0000000018640000,0x0000000018740000)]
  0x00000000028b0800 JavaThread "main" [_thread_in_vm, id=11924, stack(0x00000000026b0000,0x00000000027b0000)]

Other Threads:
  0x00000000174a7800 VMThread [stack: 0x0000000018540000,0x0000000018640000] [id=11524]
  0x0000000018d48800 WatcherThread [stack: 0x0000000019240000,0x0000000019340000] [id=12720]

VM state:not at safepoint (normal execution)

VM Mutex/Monitor currently owned by a thread: None

Heap:
 PSYoungGen      total 38400K, used 12250K [0x00000000d5f00000, 0x00000000d8980000, 0x0000000100000000)
  eden space 33280K, 36% used [0x00000000d5f00000,0x00000000d6af69b0,0x00000000d7f80000)
  from space 5120K, 0% used [0x00000000d8480000,0x00000000d8480000,0x00000000d8980000)
  to   space 5120K, 0% used [0x00000000d7f80000,0x00000000d7f80000,0x00000000d8480000)
 ParOldGen       total 87552K, used 0K [0x0000000081c00000, 0x0000000087180000, 0x00000000d5f00000)
  object space 87552K, 0% used [0x0000000081c00000,0x0000000081c00000,0x0000000087180000)
 Metaspace       used 12314K, capacity 12574K, committed 12800K, reserved 1062912K
  class space    used 1443K, capacity 1510K, committed 1536K, reserved 1048576K

Card table byte_map: [0x0000000011d70000,0x0000000012170000] byte_map_base: 0x0000000011962000

Marking Bits: (ParMarkBitMap*) 0x0000000052804040
 Begin Bits: [0x0000000012820000, 0x00000000147b0000)
 End Bits:   [0x00000000147b0000, 0x0000000016740000)

Polling page: 0x0000000000de0000

CodeCache: size=245760Kb used=2433Kb max_used=2444Kb free=243326Kb
 bounds [0x00000000029b0000, 0x0000000002c20000, 0x00000000119b0000]
 total_blobs=1096 nmethods=619 adapters=390
 compilation: enabled

Compilation events (10 events):
Event: 47.408 Thread 0x000000001753c800  616       3       java.util.Vector::elementData (7 bytes)
Event: 47.408 Thread 0x000000001753c800 nmethod 616 0x0000000002c0ad50 code [0x0000000002c0aea0, 0x0000000002c0b010]
Event: 47.412 Thread 0x000000001753c800  618  s!   3       sun.misc.URLClassPath::getLoader (197 bytes)
Event: 47.413 Thread 0x00000000174e8800  620       4       java.util.HashMap::putVal (300 bytes)
Event: 47.415 Thread 0x000000001753c800 nmethod 618 0x0000000002c0b390 code [0x0000000002c0b740, 0x0000000002c0e068]
Event: 47.415 Thread 0x000000001753c800  617  s    3       sun.misc.URLClassPath::getNextLoader (88 bytes)
Event: 47.415 Thread 0x000000001753c800 nmethod 617 0x0000000002c0f810 code [0x0000000002c0f9e0, 0x0000000002c10368]
Event: 47.415 Thread 0x000000001753c800  619       3       javax.swing.UIDefaults$TextAndMnemonicHashMap::get (358 bytes)
Event: 47.417 Thread 0x0000000017536000  622       4       java.io.WinNTFileSystem::isSlash (18 bytes)
Event: 47.418 Thread 0x0000000017536000 nmethod 622 0x0000000002c13490 code [0x0000000002c135c0, 0x0000000002c13638]

GC Heap History (0 events):
No events

Deoptimization events (3 events):
Event: 3.448 Thread 0x00000000028b0800 Uncommon trap: reason=unstable_if action=reinterpret pc=0x0000000002b0cdc8 method=java.util.Properties.loadConvert([CII[C)Ljava/lang/String; @ 4
Event: 3.449 Thread 0x00000000028b0800 Uncommon trap: reason=unstable_if action=reinterpret pc=0x0000000002b073c8 method=java.util.Properties$LineReader.readLine()I @ 252
Event: 12.888 Thread 0x00000000028b0800 Uncommon trap: reason=unstable_if action=reinterpret pc=0x0000000002b6d180 method=java.util.Properties$LineReader.readLine()I @ 174

Internal exceptions (10 events):
Event: 47.337 Thread 0x00000000028b0800 Exception <a 'java/lang/ClassNotFoundException': ToolBar> (0x00000000d6a7d998) thrown at [C:\re\workspace\8-2-build-windows-amd64-cygwin\jdk8u45\3627\hotspot\src\share\vm\classfile\systemDictionary.cpp, line 210]
Event: 47.337 Thread 0x00000000028b0800 Exception <a 'java/lang/ClassNotFoundException': ToggleButton> (0x00000000d6a7def0) thrown at [C:\re\workspace\8-2-build-windows-amd64-cygwin\jdk8u45\3627\hotspot\src\share\vm\classfile\systemDictionary.cpp, line 210]
Event: 47.337 Thread 0x00000000028b0800 Exception <a 'java/lang/ClassNotFoundException': javax/swing/JToolBarSeparator> (0x00000000d6a7e2f8) thrown at [C:\re\workspace\8-2-build-windows-amd64-cygwin\jdk8u45\3627\hotspot\src\share\vm\classfile\systemDictionary.cpp, line 210]
Event: 47.337 Thread 0x00000000028b0800 Exception <a 'java/lang/ClassNotFoundException': ToolBarSeparator> (0x00000000d6a7e738) thrown at [C:\re\workspace\8-2-build-windows-amd64-cygwin\jdk8u45\3627\hotspot\src\share\vm\classfile\systemDictionary.cpp, line 210]
Event: 47.337 Thread 0x00000000028b0800 Exception <a 'java/lang/ClassNotFoundException': ToolTip> (0x00000000d6a7ee20) thrown at [C:\re\workspace\8-2-build-windows-amd64-cygwin\jdk8u45\3627\hotspot\src\share\vm\classfile\systemDictionary.cpp, line 210]
Event: 47.339 Thread 0x00000000028b0800 Exception <a 'java/lang/ClassNotFoundException': Tree> (0x00000000d6a7f9e8) thrown at [C:\re\workspace\8-2-build-windows-amd64-cygwin\jdk8u45\3627\hotspot\src\share\vm\classfile\systemDictionary.cpp, line 210]
Event: 47.339 Thread 0x00000000028b0800 Exception <a 'java/lang/ClassNotFoundException': Tree> (0x00000000d6a800d0) thrown at [C:\re\workspace\8-2-build-windows-amd64-cygwin\jdk8u45\3627\hotspot\src\share\vm\classfile\systemDictionary.cpp, line 210]
Event: 47.339 Thread 0x00000000028b0800 Exception <a 'java/lang/ClassNotFoundException': javax/swing/JTreeCell> (0x00000000d6a803f8) thrown at [C:\re\workspace\8-2-build-windows-amd64-cygwin\jdk8u45\3627\hotspot\src\share\vm\classfile\systemDictionary.cpp, line 210]
Event: 47.339 Thread 0x00000000028b0800 Exception <a 'java/lang/ClassNotFoundException': TreeCell> (0x00000000d6a80828) thrown at [C:\re\workspace\8-2-build-windows-amd64-cygwin\jdk8u45\3627\hotspot\src\share\vm\classfile\systemDictionary.cpp, line 210]
Event: 47.340 Thread 0x00000000028b0800 Exception <a 'java/lang/ClassNotFoundException': RootPane> (0x00000000d6a81230) thrown at [C:\re\workspace\8-2-build-windows-amd64-cygwin\jdk8u45\3627\hotspot\src\share\vm\classfile\systemDictionary.cpp, line 210]

Events (10 events):
Event: 47.413 loading class com/sun/swing/internal/plaf/basic/resources/basic_pt
Event: 47.413 loading class com/sun/swing/internal/plaf/basic/resources/basic_pt done
Event: 47.415 loading class java/text/ParseException
Event: 47.416 loading class java/text/ParseException done
Event: 47.416 loading class sun/reflect/misc/MethodUtil
Event: 47.416 loading class sun/reflect/misc/MethodUtil done
Event: 47.416 loading class sun/reflect/misc/MethodUtil$1
Event: 47.416 loading class sun/reflect/misc/MethodUtil$1 done
Event: 47.417 loading class java/net/HttpURLConnection
Event: 47.417 loading class java/net/HttpURLConnection done


Dynamic libraries:
0x00007ff792ea0000 - 0x00007ff792ed7000 	C:\Program Files\Java\jdk1.8.0_45\jre\bin\java.exe
0x00007ffeaff90000 - 0x00007ffeb013c000 	C:\Windows\SYSTEM32\ntdll.dll
0x00007ffeadba0000 - 0x00007ffeadcde000 	C:\Windows\system32\KERNEL32.DLL
0x00007ffead440000 - 0x00007ffead555000 	C:\Windows\system32\KERNELBASE.dll
0x00007ffeabcb0000 - 0x00007ffeabd3e000 	C:\Windows\system32\apphelp.dll
0x00007ffe8e200000 - 0x00007ffe8e253000 	C:\Windows\AppPatch\AppPatch64\AcGenral.DLL
0x00007ffeadaf0000 - 0x00007ffeadb9a000 	C:\Windows\system32\msvcrt.dll
0x00007ffeaceb0000 - 0x00007ffeacede000 	C:\Windows\SYSTEM32\SspiCli.dll
0x00007ffeafd40000 - 0x00007ffeafd94000 	C:\Windows\system32\SHLWAPI.dll
0x00007ffeaf750000 - 0x00007ffeaf8c7000 	C:\Windows\system32\USER32.dll
0x00007ffeaf2d0000 - 0x00007ffeaf464000 	C:\Windows\system32\ole32.dll
0x00007ffeaddb0000 - 0x00007ffeaf2c8000 	C:\Windows\system32\SHELL32.dll
0x00007ffeac680000 - 0x00007ffeac6a1000 	C:\Windows\SYSTEM32\USERENV.dll
0x00007ffead610000 - 0x00007ffead6ba000 	C:\Windows\system32\ADVAPI32.dll
0x00007ffe9c4d0000 - 0x00007ffe9c4ee000 	C:\Windows\SYSTEM32\MPR.dll
0x00007ffead6c0000 - 0x00007ffead801000 	C:\Windows\system32\RPCRT4.dll
0x00007ffeada80000 - 0x00007ffeadad9000 	C:\Windows\SYSTEM32\sechost.dll
0x00007ffeaf530000 - 0x00007ffeaf741000 	C:\Windows\SYSTEM32\combase.dll
0x00007ffeafa10000 - 0x00007ffeafb61000 	C:\Windows\system32\GDI32.dll
0x00007ffead0e0000 - 0x00007ffead0f5000 	C:\Windows\SYSTEM32\profapi.dll
0x00007ffeab8e0000 - 0x00007ffeab992000 	C:\Windows\SYSTEM32\SHCORE.dll
0x00007ffeaf930000 - 0x00007ffeaf966000 	C:\Windows\system32\IMM32.DLL
0x00007ffeafbe0000 - 0x00007ffeafd32000 	C:\Windows\system32\MSCTF.dll
0x00007ffeab1d0000 - 0x00007ffeab44a000 	C:\Windows\WinSxS\amd64_microsoft.windows.common-controls_6595b64144ccf1df_6.0.9600.17810_none_6240b9c7ecbd0bda\COMCTL32.dll
0x0000000051f20000 - 0x0000000051ff2000 	C:\Program Files\Java\jdk1.8.0_45\jre\bin\msvcr100.dll
0x0000000052000000 - 0x0000000052883000 	C:\Program Files\Java\jdk1.8.0_45\jre\bin\server\jvm.dll
0x00007ffea5b90000 - 0x00007ffea5b99000 	C:\Windows\SYSTEM32\WSOCK32.dll
0x00007ffea80e0000 - 0x00007ffea8102000 	C:\Windows\SYSTEM32\WINMM.dll
0x00007ffea70a0000 - 0x00007ffea70aa000 	C:\Windows\SYSTEM32\VERSION.dll
0x00007ffeaf970000 - 0x00007ffeaf977000 	C:\Windows\system32\PSAPI.DLL
0x00007ffeaf980000 - 0x00007ffeaf9da000 	C:\Windows\system32\WS2_32.dll
0x00007ffea7f10000 - 0x00007ffea7f3a000 	C:\Windows\SYSTEM32\WINMMBASE.dll
0x00007ffeafa00000 - 0x00007ffeafa09000 	C:\Windows\system32\NSI.dll
0x00007ffead5c0000 - 0x00007ffead60f000 	C:\Windows\SYSTEM32\cfgmgr32.dll
0x00007ffeabdb0000 - 0x00007ffeabdd8000 	C:\Windows\SYSTEM32\DEVOBJ.dll
0x0000000054eb0000 - 0x0000000054ebf000 	C:\Program Files\Java\jdk1.8.0_45\jre\bin\verify.dll
0x0000000051eb0000 - 0x0000000051ed9000 	C:\Program Files\Java\jdk1.8.0_45\jre\bin\java.dll
0x0000000051e90000 - 0x0000000051ea6000 	C:\Program Files\Java\jdk1.8.0_45\jre\bin\zip.dll
0x0000000051e70000 - 0x0000000051e8a000 	C:\Program Files\Java\jdk1.8.0_45\jre\bin\net.dll
0x00007ffeac8f0000 - 0x00007ffeac949000 	C:\Windows\system32\mswsock.dll
0x00007ffeac6f0000 - 0x00007ffeac794000 	C:\Windows\SYSTEM32\DNSAPI.dll
0x00007ffea2a80000 - 0x00007ffea2a8a000 	C:\Windows\System32\rasadhlp.dll
0x00007ffea7700000 - 0x00007ffea776b000 	C:\Windows\System32\fwpuclnt.dll
0x00007ffea38f0000 - 0x00007ffea3905000 	C:\Windows\system32\napinsp.dll
0x00007ffea38d0000 - 0x00007ffea38ea000 	C:\Windows\system32\pnrpnsp.dll
0x00007ffea8900000 - 0x00007ffea891b000 	C:\Windows\system32\NLAapi.dll
0x00007ffea38c0000 - 0x00007ffea38cd000 	C:\Windows\System32\winrnr.dll
0x00007ffea38a0000 - 0x00007ffea38b4000 	C:\Windows\system32\wshbth.dll
0x00007ffea8230000 - 0x00007ffea825a000 	C:\Windows\SYSTEM32\IPHLPAPI.DLL
0x00007ffea8430000 - 0x00007ffea843a000 	C:\Windows\SYSTEM32\WINNSI.DLL
0x00007ffea72a0000 - 0x00007ffea72b6000 	C:\Windows\SYSTEM32\dhcpcsvc6.DLL
0x00007ffea7770000 - 0x00007ffea778a000 	C:\Windows\SYSTEM32\dhcpcsvc.DLL
0x0000000051cb0000 - 0x0000000051e48000 	C:\Program Files\Java\jdk1.8.0_45\jre\bin\awt.dll
0x00007ffeadce0000 - 0x00007ffeadda1000 	C:\Windows\system32\OLEAUT32.dll
0x00007ffeabde0000 - 0x00007ffeabf09000 	C:\Windows\system32\uxtheme.dll
0x00007ffe9dae0000 - 0x00007ffe9dae9000 	c:\PROGRA~2\mcafee\SITEAD~1\x64\saHook.dll
0x00007ffe9c000000 - 0x00007ffe9c048000 	C:\Program Files (x86)\TeamViewer\tv_x64.dll
0x00007ffeab6e0000 - 0x00007ffeab701000 	C:\Windows\system32\dwmapi.dll
0x00007ffeabda0000 - 0x00007ffeabdab000 	C:\Windows\SYSTEM32\kernel.appcore.dll
0x00007ffeacf50000 - 0x00007ffeacf5b000 	C:\Windows\SYSTEM32\CRYPTBASE.dll
0x00007ffeacee0000 - 0x00007ffeacf43000 	C:\Windows\SYSTEM32\bcryptPrimitives.dll
0x0000000051c60000 - 0x0000000051ca7000 	C:\Program Files\Java\jdk1.8.0_45\jre\bin\fontmanager.dll

VM Arguments:
java_command: C:\Users\william\Documents\NetBeansProjects\Solutions\dist\acqua.jar
java_class_path (initial): C:\Users\william\Documents\NetBeansProjects\Solutions\dist\acqua.jar
Launcher Type: SUN_STANDARD

Environment Variables:
PATH=C:\ProgramData\Oracle\Java\javapath;c:\Program Files (x86)\Intel\iCLS Client\;c:\Program Files\Intel\iCLS Client\;C:\Windows\system32;C:\Windows;C:\Windows\System32\Wbem;C:\Windows\System32\WindowsPowerShell\v1.0\;C:\Program Files\Intel\Intel(R) Management Engine Components\DAL;C:\Program Files\Intel\Intel(R) Management Engine Components\IPT;C:\Program Files (x86)\Intel\Intel(R) Management Engine Components\DAL;C:\Program Files (x86)\Intel\Intel(R) Management Engine Components\IPT;c:\Program Files (x86)\ATI Technologies\ATI.ACE\Core-Static;C:\Program Files (x86)\Skype\Phone\
USERNAME=William
OS=Windows_NT
PROCESSOR_IDENTIFIER=Intel64 Family 6 Model 69 Stepping 1, GenuineIntel



---------------  S Y S T E M  ---------------

OS: Windows 8.1 , 64 bit Build 9600 (6.3.9600.17415)

CPU:total 4 (2 cores per cpu, 2 threads per core) family 6 model 69 stepping 1, cmov, cx8, fxsr, mmx, sse, sse2, sse3, ssse3, sse4.1, sse4.2, popcnt, avx, avx2, aes, clmul, erms, lzcnt, ht, tsc, tscinvbit, bmi1, bmi2

Memory: 4k page, physical 8266712k(650160k free), swap 33432536k(5004k free)

vm_info: Java HotSpot(TM) 64-Bit Server VM (25.45-b02) for windows-amd64 JRE (1.8.0_45-b15), built on Apr 30 2015 12:40:44 by "java_re" with MS VC++ 10.0 (VS2010)

time: Mon Jun 29 11:23:30 2015
elapsed time: 47 seconds (0d 0h 0m 47s)

